{"level":"error","message":"Token expired for request: /createProducts","timestamp":"2025-06-26T12:25:16.163Z"}
{"level":"error","message":"Token expired for request: /createProducts","timestamp":"2025-06-26T12:25:34.240Z"}
{"level":"error","message":"Token expired for request: /createProducts","timestamp":"2025-06-26T12:25:34.406Z"}
{"level":"error","message":"Token expired for request: /createProducts","timestamp":"2025-06-26T12:25:34.559Z"}
{"level":"error","message":"Token expired for request: /createProducts","timestamp":"2025-06-26T12:25:34.704Z"}
{"level":"error","message":"Token expired for request: /createProducts","timestamp":"2025-06-26T12:25:34.836Z"}
{"level":"error","message":"Token expired for request: /createProducts","timestamp":"2025-06-26T12:25:34.979Z"}
{"level":"error","message":"Token expired for request: /createProducts","timestamp":"2025-06-26T12:25:35.117Z"}
{"level":"error","message":"Token expired for request: /createProducts","timestamp":"2025-06-26T12:25:56.508Z"}
{"level":"error","message":"Token expired for request: /createProducts","timestamp":"2025-06-26T12:26:22.766Z"}
{"level":"error","message":"Token expired for request: /createProducts","timestamp":"2025-06-26T12:26:23.700Z"}
{"level":"error","message":"Token expired for request: /createProducts","timestamp":"2025-06-26T12:26:23.881Z"}
{"level":"error","message":"Token expired for request: /createProducts","timestamp":"2025-06-26T12:26:24.371Z"}
{"level":"error","message":"Token expired for request: /createProducts","timestamp":"2025-06-26T12:26:24.545Z"}
{"level":"error","message":"Token expired for request: /createProducts","timestamp":"2025-06-26T12:26:24.696Z"}
{"level":"error","message":"Token expired for request: /createProducts","timestamp":"2025-06-26T13:24:17.292Z"}
{"level":"info","message":"User logged in successfully: sfasfasga","timestamp":"2025-06-26T13:24:57.983Z"}
{"level":"info","message":"Decoded token: {\"id\":\"6810c0bf29fcdc1b79f818ca\",\"role\":\"admin\",\"iat\":1750944297,\"exp\":1751635497}","timestamp":"2025-06-26T13:27:50.130Z"}
{"level":"info","message":"User found: sfasfasga, role: admin","timestamp":"2025-06-26T13:27:50.156Z"}
{"level":"info","message":"Product \"t-shirt\" created successfully","timestamp":"2025-06-26T13:27:50.206Z"}
{"level":"info","message":"Decoded token: {\"id\":\"6810c0bf29fcdc1b79f818ca\",\"role\":\"admin\",\"iat\":1750944297,\"exp\":1751635497}","timestamp":"2025-06-26T13:34:53.915Z"}
{"level":"info","message":"User found: sfasfasga, role: admin","timestamp":"2025-06-26T13:34:53.918Z"}
{"level":"info","message":"Product \"product\" created successfully","timestamp":"2025-06-26T13:34:53.923Z"}
{"level":"info","message":"Server running at http://localhost:5001/","timestamp":"2025-06-26T13:36:21.953Z"}
{"level":"info","message":"Server running at http://localhost:5001/","timestamp":"2025-06-26T13:37:40.025Z"}
{"level":"info","message":"Decoded token: {\"id\":\"6810c0bf29fcdc1b79f818ca\",\"role\":\"admin\",\"iat\":1750944297,\"exp\":1751635497}","timestamp":"2025-06-26T13:37:40.113Z"}
{"level":"info","message":"Decoded token: {\"id\":\"6810c0bf29fcdc1b79f818ca\",\"role\":\"admin\",\"iat\":1750944297,\"exp\":1751635497}","timestamp":"2025-06-26T13:37:40.126Z"}
{"level":"info","message":"Decoded token: {\"id\":\"6810c0bf29fcdc1b79f818ca\",\"role\":\"admin\",\"iat\":1750944297,\"exp\":1751635497}","timestamp":"2025-06-26T13:37:40.130Z"}
{"level":"info","message":"Decoded token: {\"id\":\"6810c0bf29fcdc1b79f818ca\",\"role\":\"admin\",\"iat\":1750944297,\"exp\":1751635497}","timestamp":"2025-06-26T13:37:40.135Z"}
{"level":"info","message":"User found: sfasfasga, role: admin","timestamp":"2025-06-26T13:37:40.142Z"}
{"level":"info","message":"User found: sfasfasga, role: admin","timestamp":"2025-06-26T13:37:40.165Z"}
{"level":"info","message":"User found: sfasfasga, role: admin","timestamp":"2025-06-26T13:37:40.170Z"}
{"level":"info","message":"Product \"product\" created successfully","timestamp":"2025-06-26T13:37:40.180Z"}
{"level":"info","message":"Product \"product\" created successfully","timestamp":"2025-06-26T13:37:40.183Z"}
{"level":"info","message":"Product \"product\" created successfully","timestamp":"2025-06-26T13:37:40.186Z"}
{"level":"info","message":"Decoded token: {\"id\":\"6810c0bf29fcdc1b79f818ca\",\"role\":\"admin\",\"iat\":1750944297,\"exp\":1751635497}","timestamp":"2025-06-26T13:37:40.190Z"}
{"level":"info","message":"User found: sfasfasga, role: admin","timestamp":"2025-06-26T13:37:40.197Z"}
{"level":"info","message":"Product \"product\" created successfully","timestamp":"2025-06-26T13:37:40.210Z"}
{"level":"info","message":"User found: sfasfasga, role: admin","timestamp":"2025-06-26T13:37:40.212Z"}
{"level":"info","message":"Product \"product\" created successfully","timestamp":"2025-06-26T13:37:40.223Z"}
{"level":"info","message":"Decoded token: {\"id\":\"6810c0bf29fcdc1b79f818ca\",\"role\":\"admin\",\"iat\":1750944297,\"exp\":1751635497}","timestamp":"2025-06-26T13:37:50.245Z"}
{"level":"info","message":"User found: sfasfasga, role: admin","timestamp":"2025-06-26T13:37:50.248Z"}
{"level":"info","message":"Product 685d4d244daa2b38f687dedf removal was successful","timestamp":"2025-06-26T13:37:50.275Z"}
{"level":"info","message":"Decoded token: {\"id\":\"6810c0bf29fcdc1b79f818ca\",\"role\":\"admin\",\"iat\":1750944297,\"exp\":1751635497}","timestamp":"2025-06-26T13:37:50.844Z"}
{"level":"info","message":"User found: sfasfasga, role: admin","timestamp":"2025-06-26T13:37:50.846Z"}
{"level":"info","message":"Product 685d4d244daa2b38f687dedd removal was successful","timestamp":"2025-06-26T13:37:50.849Z"}
{"level":"info","message":"Decoded token: {\"id\":\"6810c0bf29fcdc1b79f818ca\",\"role\":\"admin\",\"iat\":1750944297,\"exp\":1751635497}","timestamp":"2025-06-26T13:37:51.187Z"}
{"level":"info","message":"User found: sfasfasga, role: admin","timestamp":"2025-06-26T13:37:51.189Z"}
{"level":"info","message":"Product 685d4d244daa2b38f687deda removal was successful","timestamp":"2025-06-26T13:37:51.192Z"}
{"level":"info","message":"Decoded token: {\"id\":\"6810c0bf29fcdc1b79f818ca\",\"role\":\"admin\",\"iat\":1750944297,\"exp\":1751635497}","timestamp":"2025-06-26T13:37:52.070Z"}
{"level":"info","message":"User found: sfasfasga, role: admin","timestamp":"2025-06-26T13:37:52.072Z"}
{"level":"info","message":"Product 685d4d244daa2b38f687ded8 removal was successful","timestamp":"2025-06-26T13:37:52.074Z"}
{"level":"info","message":"Decoded token: {\"id\":\"6810c0bf29fcdc1b79f818ca\",\"role\":\"admin\",\"iat\":1750944297,\"exp\":1751635497}","timestamp":"2025-06-26T13:37:52.576Z"}
{"level":"info","message":"User found: sfasfasga, role: admin","timestamp":"2025-06-26T13:37:52.578Z"}
{"level":"info","message":"Product 685d4d244daa2b38f687ded6 removal was successful","timestamp":"2025-06-26T13:37:52.581Z"}
{"level":"info","message":"Decoded token: {\"id\":\"6810c0bf29fcdc1b79f818ca\",\"role\":\"admin\",\"iat\":1750944297,\"exp\":1751635497}","timestamp":"2025-06-26T13:37:53.207Z"}
{"level":"info","message":"User found: sfasfasga, role: admin","timestamp":"2025-06-26T13:37:53.209Z"}
{"level":"info","message":"Product 685d4c7d97decbe223677522 removal was successful","timestamp":"2025-06-26T13:37:53.212Z"}
{"level":"info","message":"Decoded token: {\"id\":\"6810c0bf29fcdc1b79f818ca\",\"role\":\"admin\",\"iat\":1750944297,\"exp\":1751635497}","timestamp":"2025-06-26T13:39:18.708Z"}
{"level":"info","message":"User found: sfasfasga, role: admin","timestamp":"2025-06-26T13:39:18.711Z"}
{"level":"info","message":"Product \"tshirt\" created successfully","timestamp":"2025-06-26T13:39:18.752Z"}
{"level":"info","message":"Decoded token: {\"id\":\"6810c0bf29fcdc1b79f818ca\",\"role\":\"admin\",\"iat\":1750944297,\"exp\":1751635497}","timestamp":"2025-06-26T13:40:49.075Z"}
{"level":"info","message":"User found: sfasfasga, role: admin","timestamp":"2025-06-26T13:40:49.077Z"}
{"level":"info","message":"Product \"tshirt\" created successfully","timestamp":"2025-06-26T13:40:49.125Z"}
{"level":"info","message":"Decoded token: {\"id\":\"6810c0bf29fcdc1b79f818ca\",\"role\":\"admin\",\"iat\":1750944297,\"exp\":1751635497}","timestamp":"2025-06-26T13:41:35.734Z"}
{"level":"info","message":"User found: sfasfasga, role: admin","timestamp":"2025-06-26T13:41:35.737Z"}
{"level":"info","message":"Product \"tshirt\" created successfully","timestamp":"2025-06-26T13:41:35.812Z"}
{"level":"info","message":"Decoded token: {\"id\":\"6810c0bf29fcdc1b79f818ca\",\"role\":\"admin\",\"iat\":1750944297,\"exp\":1751635497}","timestamp":"2025-06-26T13:41:36.470Z"}
{"level":"info","message":"User found: sfasfasga, role: admin","timestamp":"2025-06-26T13:41:36.473Z"}
{"level":"info","message":"Product \"tshirt\" created successfully","timestamp":"2025-06-26T13:41:36.511Z"}
{"level":"info","message":"Decoded token: {\"id\":\"6810c0bf29fcdc1b79f818ca\",\"role\":\"admin\",\"iat\":1750944297,\"exp\":1751635497}","timestamp":"2025-06-26T13:41:36.662Z"}
{"level":"info","message":"User found: sfasfasga, role: admin","timestamp":"2025-06-26T13:41:36.663Z"}
{"level":"info","message":"Product \"tshirt\" created successfully","timestamp":"2025-06-26T13:41:36.725Z"}
{"level":"info","message":"Decoded token: {\"id\":\"6810c0bf29fcdc1b79f818ca\",\"role\":\"admin\",\"iat\":1750944297,\"exp\":1751635497}","timestamp":"2025-06-26T13:41:36.808Z"}
{"level":"info","message":"User found: sfasfasga, role: admin","timestamp":"2025-06-26T13:41:36.810Z"}
{"level":"info","message":"Product \"tshirt\" created successfully","timestamp":"2025-06-26T13:41:36.850Z"}
{"level":"info","message":"Server running at http://localhost:5001/","timestamp":"2025-06-30T11:53:47.953Z"}
{"level":"info","message":"Decoded token: {\"id\":\"6810c0bf29fcdc1b79f818ca\",\"role\":\"admin\",\"iat\":1750944297,\"exp\":1751635497}","timestamp":"2025-06-30T11:55:38.337Z"}
{"level":"info","message":"User found: sfasfasga, role: admin","timestamp":"2025-06-30T11:55:38.373Z"}
{"level":"info","message":"Product \"fsafasfas\" created successfully","timestamp":"2025-06-30T11:55:38.444Z"}
{"level":"info","message":"Server running at http://localhost:5001/","timestamp":"2025-06-30T11:57:45.973Z"}
{"level":"info","message":"Server running at http://localhost:5001/","timestamp":"2025-06-30T11:57:58.644Z"}
{"level":"info","message":"Server running at http://localhost:5001/","timestamp":"2025-06-30T11:58:10.005Z"}
{"level":"info","message":"Server running at http://localhost:5001/","timestamp":"2025-06-30T11:58:33.487Z"}
{"level":"info","message":"Server running at http://localhost:5001/","timestamp":"2025-06-30T11:58:42.077Z"}
{"level":"info","message":"Server running at http://localhost:5001/","timestamp":"2025-06-30T11:58:52.410Z"}
{"level":"info","message":"Server running at http://localhost:5001/","timestamp":"2025-06-30T11:59:05.460Z"}
{"level":"info","message":"Server running at http://localhost:5001/","timestamp":"2025-06-30T11:59:34.604Z"}
{"level":"info","message":"Decoded token: {\"id\":\"6810c0bf29fcdc1b79f818ca\",\"role\":\"admin\",\"iat\":1750944297,\"exp\":1751635497}","timestamp":"2025-06-30T12:00:45.369Z"}
{"level":"info","message":"User found: sfasfasga, role: admin","timestamp":"2025-06-30T12:00:45.373Z"}
{"level":"info","message":"Product \"fassfafsa\" created successfully","timestamp":"2025-06-30T12:00:45.422Z"}
{"level":"info","message":"Decoded token: {\"id\":\"6810c0bf29fcdc1b79f818ca\",\"role\":\"admin\",\"iat\":1750944297,\"exp\":1751635497}","timestamp":"2025-06-30T12:06:20.035Z"}
{"level":"info","message":"User found: sfasfasga, role: admin","timestamp":"2025-06-30T12:06:20.038Z"}
{"level":"info","message":"Product \"affas\" created successfully","timestamp":"2025-06-30T12:06:20.075Z"}
{"level":"info","message":"Server running at http://localhost:5001/","timestamp":"2025-06-30T12:19:27.248Z"}
{"level":"info","message":"Server running at http://localhost:5001/","timestamp":"2025-06-30T12:19:32.230Z"}
{"level":"info","message":"Server running at http://localhost:5001/","timestamp":"2025-06-30T12:23:35.440Z"}
{"level":"info","message":"Server running at http://localhost:5001/","timestamp":"2025-06-30T12:23:45.687Z"}
{"level":"info","message":"Server running at http://localhost:5001/","timestamp":"2025-06-30T12:25:10.686Z"}
{"level":"info","message":"Server running at http://localhost:5001/","timestamp":"2025-06-30T12:25:23.334Z"}
{"level":"info","message":"Server running at http://localhost:5001/","timestamp":"2025-06-30T12:25:36.852Z"}
{"level":"info","message":"Server running at http://localhost:5001/","timestamp":"2025-06-30T12:47:14.348Z"}
{"level":"info","message":"Server running at http://localhost:5001/","timestamp":"2025-06-30T12:47:34.021Z"}
{"level":"info","message":"Server running at http://localhost:5001/","timestamp":"2025-06-30T12:48:22.061Z"}
{"level":"info","message":"Server running at http://localhost:5001/","timestamp":"2025-07-08T12:23:38.194Z"}
{"level":"info","message":"Server running at http://localhost:5001/","timestamp":"2025-07-08T12:23:58.220Z"}
{"level":"info","message":"Server running at http://localhost:5001/","timestamp":"2025-07-08T12:33:57.640Z"}
{"level":"info","message":"Server running at http://localhost:5001/","timestamp":"2025-07-08T12:37:03.617Z"}
{"level":"error","message":"Token expired for request: /createProducts","timestamp":"2025-07-08T13:17:27.992Z"}
{"level":"info","message":"Server running at http://localhost:5001/","timestamp":"2025-07-08T13:18:05.513Z"}
{"level":"error","message":"Token expired for request: /createProducts","timestamp":"2025-07-08T13:19:01.799Z"}
{"level":"warn","message":"Invalid password attempt for user: sfasfasga","timestamp":"2025-07-08T13:22:28.515Z"}
{"level":"info","message":"User logged in successfully: sfasfasga","timestamp":"2025-07-08T13:22:47.308Z"}
{"level":"info","message":"Decoded token: {\"id\":\"6810c0bf29fcdc1b79f818ca\",\"role\":\"admin\",\"iat\":1751980967,\"exp\":1752672167}","timestamp":"2025-07-08T13:23:36.426Z"}
{"level":"info","message":"User found: sfasfasga, role: admin","timestamp":"2025-07-08T13:23:36.460Z"}
{"level":"info","message":"Product \"fsafsa\" created successfully","timestamp":"2025-07-08T13:23:36.549Z"}
{"level":"info","message":"Decoded token: {\"id\":\"6810c0bf29fcdc1b79f818ca\",\"role\":\"admin\",\"iat\":1751980967,\"exp\":1752672167}","timestamp":"2025-07-08T13:23:38.555Z"}
{"level":"info","message":"User found: sfasfasga, role: admin","timestamp":"2025-07-08T13:23:38.558Z"}
{"level":"info","message":"Product \"fsafsa\" created successfully","timestamp":"2025-07-08T13:23:38.598Z"}
{"level":"info","message":"Decoded token: {\"id\":\"6810c0bf29fcdc1b79f818ca\",\"role\":\"admin\",\"iat\":1751980967,\"exp\":1752672167}","timestamp":"2025-07-08T13:23:38.834Z"}
{"level":"info","message":"User found: sfasfasga, role: admin","timestamp":"2025-07-08T13:23:38.838Z"}
{"level":"info","message":"Product \"fsafsa\" created successfully","timestamp":"2025-07-08T13:23:38.875Z"}
{"level":"info","message":"Decoded token: {\"id\":\"6810c0bf29fcdc1b79f818ca\",\"role\":\"admin\",\"iat\":1751980967,\"exp\":1752672167}","timestamp":"2025-07-08T13:23:39.009Z"}
{"level":"info","message":"User found: sfasfasga, role: admin","timestamp":"2025-07-08T13:23:39.012Z"}
{"level":"info","message":"Product \"fsafsa\" created successfully","timestamp":"2025-07-08T13:23:39.046Z"}
{"level":"info","message":"Decoded token: {\"id\":\"6810c0bf29fcdc1b79f818ca\",\"role\":\"admin\",\"iat\":1751980967,\"exp\":1752672167}","timestamp":"2025-07-08T13:23:39.171Z"}
{"level":"info","message":"User found: sfasfasga, role: admin","timestamp":"2025-07-08T13:23:39.174Z"}
{"level":"info","message":"Product \"fsafsa\" created successfully","timestamp":"2025-07-08T13:23:39.227Z"}
{"level":"info","message":"Decoded token: {\"id\":\"6810c0bf29fcdc1b79f818ca\",\"role\":\"admin\",\"iat\":1751980967,\"exp\":1752672167}","timestamp":"2025-07-08T13:23:39.373Z"}
{"level":"info","message":"User found: sfasfasga, role: admin","timestamp":"2025-07-08T13:23:39.375Z"}
{"level":"info","message":"Product \"fsafsa\" created successfully","timestamp":"2025-07-08T13:23:39.410Z"}
{"level":"info","message":"Decoded token: {\"id\":\"6810c0bf29fcdc1b79f818ca\",\"role\":\"admin\",\"iat\":1751980967,\"exp\":1752672167}","timestamp":"2025-07-08T13:23:39.500Z"}
{"level":"info","message":"User found: sfasfasga, role: admin","timestamp":"2025-07-08T13:23:39.502Z"}
{"level":"info","message":"Product \"fsafsa\" created successfully","timestamp":"2025-07-08T13:23:39.561Z"}
{"level":"info","message":"Decoded token: {\"id\":\"6810c0bf29fcdc1b79f818ca\",\"role\":\"admin\",\"iat\":1751980967,\"exp\":1752672167}","timestamp":"2025-07-08T13:23:39.681Z"}
{"level":"info","message":"User found: sfasfasga, role: admin","timestamp":"2025-07-08T13:23:39.684Z"}
{"level":"info","message":"Product \"fsafsa\" created successfully","timestamp":"2025-07-08T13:23:39.721Z"}
{"level":"info","message":"Decoded token: {\"id\":\"6810c0bf29fcdc1b79f818ca\",\"role\":\"admin\",\"iat\":1751980967,\"exp\":1752672167}","timestamp":"2025-07-08T13:23:39.867Z"}
{"level":"info","message":"User found: sfasfasga, role: admin","timestamp":"2025-07-08T13:23:39.870Z"}
{"level":"info","message":"Product \"fsafsa\" created successfully","timestamp":"2025-07-08T13:23:39.925Z"}
{"level":"info","message":"Decoded token: {\"id\":\"6810c0bf29fcdc1b79f818ca\",\"role\":\"admin\",\"iat\":1751980967,\"exp\":1752672167}","timestamp":"2025-07-08T13:23:39.991Z"}
{"level":"info","message":"User found: sfasfasga, role: admin","timestamp":"2025-07-08T13:23:39.994Z"}
{"level":"info","message":"Product \"fsafsa\" created successfully","timestamp":"2025-07-08T13:23:40.047Z"}
{"level":"info","message":"Decoded token: {\"id\":\"6810c0bf29fcdc1b79f818ca\",\"role\":\"admin\",\"iat\":1751980967,\"exp\":1752672167}","timestamp":"2025-07-08T13:24:41.514Z"}
{"level":"info","message":"User found: sfasfasga, role: admin","timestamp":"2025-07-08T13:24:41.517Z"}
{"level":"info","message":"Product \"asfasf asfa sas\" created successfully","timestamp":"2025-07-08T13:24:41.584Z"}
{"level":"info","message":"Server running at http://localhost:5001/","timestamp":"2025-07-14T12:10:55.216Z"}
{"level":"info","message":"Decoded token: {\"id\":\"6810c0bf29fcdc1b79f818ca\",\"role\":\"admin\",\"iat\":1751980967,\"exp\":1752672167}","timestamp":"2025-07-14T12:22:47.447Z"}
{"level":"info","message":"User found: sfasfasga, role: admin","timestamp":"2025-07-14T12:22:47.498Z"}
{"level":"info","message":"Product 686d1bda9e5ebb571533a538 removal was successful","timestamp":"2025-07-14T12:22:47.536Z"}
{"level":"info","message":"Decoded token: {\"id\":\"6810c0bf29fcdc1b79f818ca\",\"role\":\"admin\",\"iat\":1751980967,\"exp\":1752672167}","timestamp":"2025-07-14T12:22:56.044Z"}
{"level":"info","message":"User found: sfasfasga, role: admin","timestamp":"2025-07-14T12:22:56.099Z"}
{"level":"info","message":"Product 68627b3a61db6de2226d8391 removal was successful","timestamp":"2025-07-14T12:22:56.345Z"}
{"level":"info","message":"Decoded token: {\"id\":\"6810c0bf29fcdc1b79f818ca\",\"role\":\"admin\",\"iat\":1751980967,\"exp\":1752672167}","timestamp":"2025-07-14T12:23:04.563Z"}
{"level":"info","message":"User found: sfasfasga, role: admin","timestamp":"2025-07-14T12:23:04.624Z"}
{"level":"info","message":"Decoded token: {\"id\":\"6810c0bf29fcdc1b79f818ca\",\"role\":\"admin\",\"iat\":1751980967,\"exp\":1752672167}","timestamp":"2025-07-14T12:23:06.359Z"}
{"level":"info","message":"User found: sfasfasga, role: admin","timestamp":"2025-07-14T12:23:06.364Z"}
{"level":"info","message":"Product 686d1c199e5ebb571533a553 removal was successful","timestamp":"2025-07-14T12:23:06.407Z"}
{"level":"info","message":"Decoded token: {\"id\":\"6810c0bf29fcdc1b79f818ca\",\"role\":\"admin\",\"iat\":1751980967,\"exp\":1752672167}","timestamp":"2025-07-14T12:23:13.779Z"}
{"level":"info","message":"User found: sfasfasga, role: admin","timestamp":"2025-07-14T12:23:13.820Z"}
{"level":"info","message":"Product 686d1bdb9e5ebb571533a550 removal was successful","timestamp":"2025-07-14T12:23:14.275Z"}
{"level":"info","message":"Decoded token: {\"id\":\"6810c0bf29fcdc1b79f818ca\",\"role\":\"admin\",\"iat\":1751980967,\"exp\":1752672167}","timestamp":"2025-07-14T12:24:06.926Z"}
{"level":"info","message":"User found: sfasfasga, role: admin","timestamp":"2025-07-14T12:24:06.930Z"}
{"level":"info","message":"Product 686d1bdb9e5ebb571533a541 removal was successful","timestamp":"2025-07-14T12:24:06.948Z"}
{"level":"info","message":"Decoded token: {\"id\":\"6810c0bf29fcdc1b79f818ca\",\"role\":\"admin\",\"iat\":1751980967,\"exp\":1752672167}","timestamp":"2025-07-14T12:24:12.387Z"}
{"level":"info","message":"User found: sfasfasga, role: admin","timestamp":"2025-07-14T12:24:12.495Z"}
{"level":"info","message":"Product 686d1bdb9e5ebb571533a54d removal was successful","timestamp":"2025-07-14T12:24:12.960Z"}
{"level":"info","message":"Decoded token: {\"id\":\"6810c0bf29fcdc1b79f818ca\",\"role\":\"admin\",\"iat\":1751980967,\"exp\":1752672167}","timestamp":"2025-07-14T12:24:20.980Z"}
{"level":"info","message":"User found: sfasfasga, role: admin","timestamp":"2025-07-14T12:24:20.984Z"}
{"level":"info","message":"Product 686d1bdb9e5ebb571533a547 removal was successful","timestamp":"2025-07-14T12:24:20.999Z"}
{"level":"info","message":"Decoded token: {\"id\":\"6810c0bf29fcdc1b79f818ca\",\"role\":\"admin\",\"iat\":1751980967,\"exp\":1752672167}","timestamp":"2025-07-14T12:24:26.200Z"}
{"level":"info","message":"User found: sfasfasga, role: admin","timestamp":"2025-07-14T12:24:26.207Z"}
{"level":"info","message":"Product 686d1bdb9e5ebb571533a54a removal was successful","timestamp":"2025-07-14T12:24:26.244Z"}
{"level":"info","message":"Decoded token: {\"id\":\"6810c0bf29fcdc1b79f818ca\",\"role\":\"admin\",\"iat\":1751980967,\"exp\":1752672167}","timestamp":"2025-07-14T12:27:58.011Z"}
{"level":"info","message":"User found: sfasfasga, role: admin","timestamp":"2025-07-14T12:27:58.017Z"}
{"level":"warn","message":"Validation error: \"color\" is not allowed to be empty","timestamp":"2025-07-14T12:27:58.025Z"}
{"level":"info","message":"Decoded token: {\"id\":\"6810c0bf29fcdc1b79f818ca\",\"role\":\"admin\",\"iat\":1751980967,\"exp\":1752672167}","timestamp":"2025-07-14T12:29:27.479Z"}
{"level":"info","message":"User found: sfasfasga, role: admin","timestamp":"2025-07-14T12:29:27.481Z"}
{"level":"info","message":"Product \"fsafsafas\" created successfully","timestamp":"2025-07-14T12:29:27.506Z"}
{"level":"info","message":"Decoded token: {\"id\":\"6810c0bf29fcdc1b79f818ca\",\"role\":\"admin\",\"iat\":1751980967,\"exp\":1752672167}","timestamp":"2025-07-14T12:32:50.872Z"}
{"level":"info","message":"User found: sfasfasga, role: admin","timestamp":"2025-07-14T12:32:50.876Z"}
{"level":"warn","message":"Validation error: \"image\" is not allowed to be empty","timestamp":"2025-07-14T12:32:50.878Z"}
{"level":"info","message":"Decoded token: {\"id\":\"6810c0bf29fcdc1b79f818ca\",\"role\":\"admin\",\"iat\":1751980967,\"exp\":1752672167}","timestamp":"2025-07-14T12:34:18.819Z"}
{"level":"info","message":"User found: sfasfasga, role: admin","timestamp":"2025-07-14T12:34:18.821Z"}
{"level":"warn","message":"Validation error: \"image\" is not allowed to be empty","timestamp":"2025-07-14T12:34:18.822Z"}
{"level":"info","message":"Decoded token: {\"id\":\"6810c0bf29fcdc1b79f818ca\",\"role\":\"admin\",\"iat\":1751980967,\"exp\":1752672167}","timestamp":"2025-07-14T12:34:19.560Z"}
{"level":"info","message":"User found: sfasfasga, role: admin","timestamp":"2025-07-14T12:34:19.562Z"}
{"level":"warn","message":"Validation error: \"image\" is not allowed to be empty","timestamp":"2025-07-14T12:34:19.562Z"}
{"level":"info","message":"Decoded token: {\"id\":\"6810c0bf29fcdc1b79f818ca\",\"role\":\"admin\",\"iat\":1751980967,\"exp\":1752672167}","timestamp":"2025-07-14T12:34:19.852Z"}
{"level":"info","message":"User found: sfasfasga, role: admin","timestamp":"2025-07-14T12:34:19.853Z"}
{"level":"warn","message":"Validation error: \"image\" is not allowed to be empty","timestamp":"2025-07-14T12:34:19.854Z"}
{"level":"info","message":"Decoded token: {\"id\":\"6810c0bf29fcdc1b79f818ca\",\"role\":\"admin\",\"iat\":1751980967,\"exp\":1752672167}","timestamp":"2025-07-14T12:34:20.049Z"}
{"level":"info","message":"User found: sfasfasga, role: admin","timestamp":"2025-07-14T12:34:20.051Z"}
{"level":"warn","message":"Validation error: \"image\" is not allowed to be empty","timestamp":"2025-07-14T12:34:20.051Z"}
{"level":"info","message":"Decoded token: {\"id\":\"6810c0bf29fcdc1b79f818ca\",\"role\":\"admin\",\"iat\":1751980967,\"exp\":1752672167}","timestamp":"2025-07-14T12:34:20.214Z"}
{"level":"info","message":"User found: sfasfasga, role: admin","timestamp":"2025-07-14T12:34:20.215Z"}
{"level":"warn","message":"Validation error: \"image\" is not allowed to be empty","timestamp":"2025-07-14T12:34:20.216Z"}
{"level":"info","message":"Decoded token: {\"id\":\"6810c0bf29fcdc1b79f818ca\",\"role\":\"admin\",\"iat\":1751980967,\"exp\":1752672167}","timestamp":"2025-07-14T12:34:20.932Z"}
{"level":"info","message":"User found: sfasfasga, role: admin","timestamp":"2025-07-14T12:34:20.934Z"}
{"level":"warn","message":"Validation error: \"image\" is not allowed to be empty","timestamp":"2025-07-14T12:34:20.934Z"}
{"level":"info","message":"Decoded token: {\"id\":\"6810c0bf29fcdc1b79f818ca\",\"role\":\"admin\",\"iat\":1751980967,\"exp\":1752672167}","timestamp":"2025-07-14T12:34:21.103Z"}
{"level":"info","message":"User found: sfasfasga, role: admin","timestamp":"2025-07-14T12:34:21.105Z"}
{"level":"warn","message":"Validation error: \"image\" is not allowed to be empty","timestamp":"2025-07-14T12:34:21.106Z"}
{"level":"info","message":"Decoded token: {\"id\":\"6810c0bf29fcdc1b79f818ca\",\"role\":\"admin\",\"iat\":1751980967,\"exp\":1752672167}","timestamp":"2025-07-14T12:34:21.270Z"}
{"level":"info","message":"User found: sfasfasga, role: admin","timestamp":"2025-07-14T12:34:21.272Z"}
{"level":"warn","message":"Validation error: \"image\" is not allowed to be empty","timestamp":"2025-07-14T12:34:21.273Z"}
{"level":"info","message":"Decoded token: {\"id\":\"6810c0bf29fcdc1b79f818ca\",\"role\":\"admin\",\"iat\":1751980967,\"exp\":1752672167}","timestamp":"2025-07-14T12:34:21.413Z"}
{"level":"info","message":"User found: sfasfasga, role: admin","timestamp":"2025-07-14T12:34:21.415Z"}
{"level":"warn","message":"Validation error: \"image\" is not allowed to be empty","timestamp":"2025-07-14T12:34:21.415Z"}
{"level":"info","message":"Decoded token: {\"id\":\"6810c0bf29fcdc1b79f818ca\",\"role\":\"admin\",\"iat\":1751980967,\"exp\":1752672167}","timestamp":"2025-07-14T12:34:21.708Z"}
{"level":"info","message":"User found: sfasfasga, role: admin","timestamp":"2025-07-14T12:34:21.710Z"}
{"level":"warn","message":"Validation error: \"image\" is not allowed to be empty","timestamp":"2025-07-14T12:34:21.711Z"}
{"level":"info","message":"Decoded token: {\"id\":\"6810c0bf29fcdc1b79f818ca\",\"role\":\"admin\",\"iat\":1751980967,\"exp\":1752672167}","timestamp":"2025-07-14T12:34:22.518Z"}
{"level":"info","message":"User found: sfasfasga, role: admin","timestamp":"2025-07-14T12:34:22.519Z"}
{"level":"warn","message":"Validation error: \"image\" is not allowed to be empty","timestamp":"2025-07-14T12:34:22.520Z"}
{"level":"info","message":"Decoded token: {\"id\":\"6810c0bf29fcdc1b79f818ca\",\"role\":\"admin\",\"iat\":1751980967,\"exp\":1752672167}","timestamp":"2025-07-14T12:34:23.341Z"}
{"level":"info","message":"User found: sfasfasga, role: admin","timestamp":"2025-07-14T12:34:23.343Z"}
{"level":"warn","message":"Validation error: \"image\" is not allowed to be empty","timestamp":"2025-07-14T12:34:23.344Z"}
{"level":"info","message":"Decoded token: {\"id\":\"6810c0bf29fcdc1b79f818ca\",\"role\":\"admin\",\"iat\":1751980967,\"exp\":1752672167}","timestamp":"2025-07-14T12:34:24.057Z"}
{"level":"info","message":"User found: sfasfasga, role: admin","timestamp":"2025-07-14T12:34:24.059Z"}
{"level":"warn","message":"Validation error: \"image\" is not allowed to be empty","timestamp":"2025-07-14T12:34:24.059Z"}
{"level":"info","message":"Decoded token: {\"id\":\"6810c0bf29fcdc1b79f818ca\",\"role\":\"admin\",\"iat\":1751980967,\"exp\":1752672167}","timestamp":"2025-07-14T12:34:24.950Z"}
{"level":"info","message":"User found: sfasfasga, role: admin","timestamp":"2025-07-14T12:34:24.951Z"}
{"level":"warn","message":"Validation error: \"image\" is not allowed to be empty","timestamp":"2025-07-14T12:34:24.951Z"}
{"level":"info","message":"Decoded token: {\"id\":\"6810c0bf29fcdc1b79f818ca\",\"role\":\"admin\",\"iat\":1751980967,\"exp\":1752672167}","timestamp":"2025-07-14T12:34:35.213Z"}
{"level":"info","message":"User found: sfasfasga, role: admin","timestamp":"2025-07-14T12:34:35.215Z"}
{"level":"info","message":"Product \"safasfasf\" created successfully","timestamp":"2025-07-14T12:34:35.226Z"}
{"level":"info","message":"Decoded token: {\"id\":\"6810c0bf29fcdc1b79f818ca\",\"role\":\"admin\",\"iat\":1751980967,\"exp\":1752672167}","timestamp":"2025-07-14T12:35:18.284Z"}
{"level":"info","message":"User found: sfasfasga, role: admin","timestamp":"2025-07-14T12:35:18.286Z"}
{"level":"info","message":"Product \"fadfasasf\" created successfully","timestamp":"2025-07-14T12:35:18.297Z"}
{"level":"info","message":"Decoded token: {\"id\":\"6810c0bf29fcdc1b79f818ca\",\"role\":\"admin\",\"iat\":1751980967,\"exp\":1752672167}","timestamp":"2025-07-14T12:39:04.651Z"}
{"level":"info","message":"User found: sfasfasga, role: admin","timestamp":"2025-07-14T12:39:04.653Z"}
{"level":"info","message":"Product \"sfafsa\" created successfully","timestamp":"2025-07-14T12:39:04.666Z"}
{"level":"info","message":"Server running at http://localhost:5001/","timestamp":"2025-07-14T12:59:45.301Z"}
{"level":"info","message":"Server running at http://localhost:5001/","timestamp":"2025-07-15T12:13:21.893Z"}
{"level":"info","message":"Decoded token: {\"id\":\"6810c0bf29fcdc1b79f818ca\",\"role\":\"admin\",\"iat\":1751980967,\"exp\":1752672167}","timestamp":"2025-07-15T12:17:06.382Z"}
{"level":"info","message":"User found: sfasfasga, role: admin","timestamp":"2025-07-15T12:17:06.392Z"}
{"level":"info","message":"Product \"adfassfa\" created successfully","timestamp":"2025-07-15T12:17:06.425Z"}
{"level":"info","message":"Decoded token: {\"id\":\"6810c0bf29fcdc1b79f818ca\",\"role\":\"admin\",\"iat\":1751980967,\"exp\":1752672167}","timestamp":"2025-07-15T12:19:24.459Z"}
{"level":"info","message":"User found: sfasfasga, role: admin","timestamp":"2025-07-15T12:19:24.463Z"}
{"level":"info","message":"Product \"adfassfa\" created successfully","timestamp":"2025-07-15T12:19:24.478Z"}
{"level":"info","message":"Decoded token: {\"id\":\"6810c0bf29fcdc1b79f818ca\",\"role\":\"admin\",\"iat\":1751980967,\"exp\":1752672167}","timestamp":"2025-07-15T12:20:56.762Z"}
{"level":"info","message":"User found: sfasfasga, role: admin","timestamp":"2025-07-15T12:20:56.765Z"}
{"level":"info","message":"Product \"adfassfa\" created successfully","timestamp":"2025-07-15T12:20:56.775Z"}
{"level":"info","message":"Decoded token: {\"id\":\"6810c0bf29fcdc1b79f818ca\",\"role\":\"admin\",\"iat\":1751980967,\"exp\":1752672167}","timestamp":"2025-07-15T12:22:03.300Z"}
{"level":"info","message":"User found: sfasfasga, role: admin","timestamp":"2025-07-15T12:22:03.302Z"}
{"level":"info","message":"Product \"fsaf\" created successfully","timestamp":"2025-07-15T12:22:03.314Z"}
{"level":"info","message":"Decoded token: {\"id\":\"6810c0bf29fcdc1b79f818ca\",\"role\":\"admin\",\"iat\":1751980967,\"exp\":1752672167}","timestamp":"2025-07-15T12:30:58.732Z"}
{"level":"info","message":"User found: sfasfasga, role: admin","timestamp":"2025-07-15T12:30:58.736Z"}
{"level":"info","message":"Product \"fsafas\" created successfully","timestamp":"2025-07-15T12:30:58.762Z"}
{"level":"info","message":"Decoded token: {\"id\":\"6810c0bf29fcdc1b79f818ca\",\"role\":\"admin\",\"iat\":1751980967,\"exp\":1752672167}","timestamp":"2025-07-15T12:49:16.416Z"}
{"level":"info","message":"User found: sfasfasga, role: admin","timestamp":"2025-07-15T12:49:16.419Z"}
{"level":"info","message":"Product \"asfaa\" created successfully","timestamp":"2025-07-15T12:49:16.426Z"}
{"level":"info","message":"Decoded token: {\"id\":\"6810c0bf29fcdc1b79f818ca\",\"role\":\"admin\",\"iat\":1751980967,\"exp\":1752672167}","timestamp":"2025-07-15T12:49:17.643Z"}
{"level":"info","message":"User found: sfasfasga, role: admin","timestamp":"2025-07-15T12:49:17.645Z"}
{"level":"info","message":"Product \"asfaa\" created successfully","timestamp":"2025-07-15T12:49:17.648Z"}
{"level":"info","message":"Decoded token: {\"id\":\"6810c0bf29fcdc1b79f818ca\",\"role\":\"admin\",\"iat\":1751980967,\"exp\":1752672167}","timestamp":"2025-07-15T12:49:17.886Z"}
{"level":"info","message":"User found: sfasfasga, role: admin","timestamp":"2025-07-15T12:49:17.888Z"}
{"level":"info","message":"Product \"asfaa\" created successfully","timestamp":"2025-07-15T12:49:17.892Z"}
{"level":"info","message":"Decoded token: {\"id\":\"6810c0bf29fcdc1b79f818ca\",\"role\":\"admin\",\"iat\":1751980967,\"exp\":1752672167}","timestamp":"2025-07-15T12:49:18.064Z"}
{"level":"info","message":"User found: sfasfasga, role: admin","timestamp":"2025-07-15T12:49:18.066Z"}
{"level":"info","message":"Product \"asfaa\" created successfully","timestamp":"2025-07-15T12:49:18.070Z"}
{"level":"info","message":"Decoded token: {\"id\":\"6810c0bf29fcdc1b79f818ca\",\"role\":\"admin\",\"iat\":1751980967,\"exp\":1752672167}","timestamp":"2025-07-15T12:49:18.336Z"}
{"level":"info","message":"User found: sfasfasga, role: admin","timestamp":"2025-07-15T12:49:18.338Z"}
{"level":"info","message":"Product \"asfaa\" created successfully","timestamp":"2025-07-15T12:49:18.342Z"}
{"level":"info","message":"Decoded token: {\"id\":\"6810c0bf29fcdc1b79f818ca\",\"role\":\"admin\",\"iat\":1751980967,\"exp\":1752672167}","timestamp":"2025-07-15T12:50:04.779Z"}
{"level":"info","message":"User found: sfasfasga, role: admin","timestamp":"2025-07-15T12:50:04.781Z"}
{"level":"info","message":"Product \"asfaa\" created successfully","timestamp":"2025-07-15T12:50:04.785Z"}
{"level":"info","message":"Decoded token: {\"id\":\"6810c0bf29fcdc1b79f818ca\",\"role\":\"admin\",\"iat\":1751980967,\"exp\":1752672167}","timestamp":"2025-07-15T13:12:43.178Z"}
{"level":"info","message":"User found: sfasfasga, role: admin","timestamp":"2025-07-15T13:12:43.182Z"}
{"level":"info","message":"Product \"zcaasfasf\" created successfully","timestamp":"2025-07-15T13:12:43.198Z"}
{"level":"info","message":"Decoded token: {\"id\":\"6810c0bf29fcdc1b79f818ca\",\"role\":\"admin\",\"iat\":1751980967,\"exp\":1752672167}","timestamp":"2025-07-15T13:14:40.097Z"}
{"level":"info","message":"User found: sfasfasga, role: admin","timestamp":"2025-07-15T13:14:40.100Z"}
{"level":"info","message":"Product \"zcaasfasf\" created successfully","timestamp":"2025-07-15T13:14:40.110Z"}
{"level":"info","message":"Decoded token: {\"id\":\"6810c0bf29fcdc1b79f818ca\",\"role\":\"admin\",\"iat\":1751980967,\"exp\":1752672167}","timestamp":"2025-07-15T13:19:08.528Z"}
{"level":"info","message":"User found: sfasfasga, role: admin","timestamp":"2025-07-15T13:19:08.530Z"}
{"level":"info","message":"Product \"sadfafasfasf\" created successfully","timestamp":"2025-07-15T13:19:08.535Z"}
{"level":"info","message":"Decoded token: {\"id\":\"6810c0bf29fcdc1b79f818ca\",\"role\":\"admin\",\"iat\":1751980967,\"exp\":1752672167}","timestamp":"2025-07-15T13:19:15.589Z"}
{"level":"info","message":"User found: sfasfasga, role: admin","timestamp":"2025-07-15T13:19:15.591Z"}
{"level":"info","message":"Product \"sadfafasfasf\" created successfully","timestamp":"2025-07-15T13:19:15.595Z"}
{"level":"info","message":"Decoded token: {\"id\":\"6810c0bf29fcdc1b79f818ca\",\"role\":\"admin\",\"iat\":1751980967,\"exp\":1752672167}","timestamp":"2025-07-15T13:23:07.074Z"}
{"level":"info","message":"User found: sfasfasga, role: admin","timestamp":"2025-07-15T13:23:07.076Z"}
{"level":"warn","message":"Validation error: \"price\" must be less than or equal to 10000000","timestamp":"2025-07-15T13:23:07.079Z"}
{"level":"info","message":"Decoded token: {\"id\":\"6810c0bf29fcdc1b79f818ca\",\"role\":\"admin\",\"iat\":1751980967,\"exp\":1752672167}","timestamp":"2025-07-15T13:23:21.759Z"}
{"level":"info","message":"User found: sfasfasga, role: admin","timestamp":"2025-07-15T13:23:21.761Z"}
{"level":"warn","message":"Validation error: \"price\" must be less than or equal to 10000000","timestamp":"2025-07-15T13:23:21.762Z"}
{"level":"info","message":"Decoded token: {\"id\":\"6810c0bf29fcdc1b79f818ca\",\"role\":\"admin\",\"iat\":1751980967,\"exp\":1752672167}","timestamp":"2025-07-15T13:23:22.144Z"}
{"level":"info","message":"User found: sfasfasga, role: admin","timestamp":"2025-07-15T13:23:22.145Z"}
{"level":"warn","message":"Validation error: \"price\" must be less than or equal to 10000000","timestamp":"2025-07-15T13:23:22.147Z"}
{"level":"info","message":"Decoded token: {\"id\":\"6810c0bf29fcdc1b79f818ca\",\"role\":\"admin\",\"iat\":1751980967,\"exp\":1752672167}","timestamp":"2025-07-15T13:23:24.014Z"}
{"level":"info","message":"User found: sfasfasga, role: admin","timestamp":"2025-07-15T13:23:24.016Z"}
{"level":"info","message":"Product \"fassfa\" created successfully","timestamp":"2025-07-15T13:23:24.025Z"}
{"level":"info","message":"Decoded token: {\"id\":\"6810c0bf29fcdc1b79f818ca\",\"role\":\"admin\",\"iat\":1751980967,\"exp\":1752672167}","timestamp":"2025-07-15T13:24:06.788Z"}
{"level":"info","message":"User found: sfasfasga, role: admin","timestamp":"2025-07-15T13:24:06.790Z"}
{"level":"info","message":"Product \"afsfasafsfas\" created successfully","timestamp":"2025-07-15T13:24:06.800Z"}
{"level":"info","message":"Decoded token: {\"id\":\"6810c0bf29fcdc1b79f818ca\",\"role\":\"admin\",\"iat\":1751980967,\"exp\":1752672167}","timestamp":"2025-07-15T13:29:17.140Z"}
{"level":"info","message":"User found: sfasfasga, role: admin","timestamp":"2025-07-15T13:29:17.143Z"}
{"level":"info","message":"Product \"asfasffas\" created successfully","timestamp":"2025-07-15T13:29:17.157Z"}
{"level":"info","message":"Decoded token: {\"id\":\"6810c0bf29fcdc1b79f818ca\",\"role\":\"admin\",\"iat\":1751980967,\"exp\":1752672167}","timestamp":"2025-07-15T13:39:34.471Z"}
{"level":"info","message":"User found: sfasfasga, role: admin","timestamp":"2025-07-15T13:39:34.481Z"}
{"level":"info","message":"Product \"asffasf\" created successfully","timestamp":"2025-07-15T13:39:34.517Z"}
{"level":"info","message":"Decoded token: {\"id\":\"6810c0bf29fcdc1b79f818ca\",\"role\":\"admin\",\"iat\":1751980967,\"exp\":1752672167}","timestamp":"2025-07-15T13:39:37.124Z"}
{"level":"info","message":"User found: sfasfasga, role: admin","timestamp":"2025-07-15T13:39:37.133Z"}
{"level":"info","message":"Product \"asffasf\" created successfully","timestamp":"2025-07-15T13:39:37.174Z"}
{"level":"info","message":"Decoded token: {\"id\":\"6810c0bf29fcdc1b79f818ca\",\"role\":\"admin\",\"iat\":1751980967,\"exp\":1752672167}","timestamp":"2025-07-15T13:39:37.195Z"}
{"level":"info","message":"User found: sfasfasga, role: admin","timestamp":"2025-07-15T13:39:37.201Z"}
{"level":"info","message":"Product \"asffasf\" created successfully","timestamp":"2025-07-15T13:39:37.234Z"}
